<?xml version="1.0" encoding="UTF-8"?>
<testsuite name="BookingSystemTest" tests="1" skipped="0" failures="0" errors="0" timestamp="2020-10-02T05:40:54" hostname="DESKTOP-2485JDA" time="0.002">
  <properties/>
  <testcase name="shouldOnlyPermitBookingOfRegularWholeHours" classname="BookingSystemTest" time="0.002"/>
  <system-out><![CDATA[]]></system-out>
  <system-err><![CDATA[]]></system-err>
</testsuite>
